2013-09-21 14:17:30,560 ERROR [main] - org.scala-ide.sdt.core - org.scala-ide.sdt.core - org.scala-ide.sdt.core - 0 - Error during askOption
java.lang.StringIndexOutOfBoundsException: String index out of range: -1
	at java.lang.String.substring(Unknown Source)
	at scala.tools.refactoring.common.PimpedTrees$TreeMethodsForPositions.nameString(PimpedTrees.scala:317)
	at scala.tools.refactoring.common.PimpedTrees$TreeMethodsForPositions.namePosition(PimpedTrees.scala:226)
	at scala.tools.eclipse.semantichighlighting.classifier.SafeSymbol$$anonfun$5.apply(SafeSymbol.scala:109)
	at scala.tools.eclipse.semantichighlighting.classifier.SafeSymbol$$anonfun$5.apply(SafeSymbol.scala:109)
	at scala.tools.nsc.util.InterruptReq.execute(InterruptReq.scala:26)
	at scala.tools.nsc.interactive.Global.pollForWork(Global.scala:339)
	at scala.tools.nsc.interactive.Global.pollForWork(Global.scala:344)
	at scala.tools.nsc.interactive.Global.pollForWork(Global.scala:344)
	at scala.tools.nsc.interactive.Global.pollForWork(Global.scala:344)
	at scala.tools.nsc.interactive.Global.pollForWork(Global.scala:344)
	at scala.tools.nsc.interactive.Global.pollForWork(Global.scala:344)
	at scala.tools.nsc.interactive.Global.pollForWork(Global.scala:344)
	at scala.tools.nsc.interactive.Global.pollForWork(Global.scala:344)
	at scala.tools.nsc.interactive.Global.pollForWork(Global.scala:344)
	at scala.tools.nsc.interactive.Global.pollForWork(Global.scala:344)
	at scala.tools.nsc.interactive.Global.pollForWork(Global.scala:344)
	at scala.tools.nsc.interactive.Global.pollForWork(Global.scala:344)
	at scala.tools.nsc.interactive.Global.pollForWork(Global.scala:344)
	at scala.tools.nsc.interactive.Global.pollForWork(Global.scala:344)
	at scala.tools.nsc.interactive.Global.pollForWork(Global.scala:344)
	at scala.tools.nsc.interactive.Global.pollForWork(Global.scala:344)
	at scala.tools.nsc.interactive.PresentationCompilerThread.run(PresentationCompilerThread.scala:22)
2013-09-21 14:17:38,696 ERROR [main] - org.scala-ide.sdt.core - org.scala-ide.sdt.core - org.scala-ide.sdt.core - 0 - Error during askOption
java.lang.StringIndexOutOfBoundsException: String index out of range: -1
	at java.lang.String.substring(Unknown Source)
	at scala.tools.refactoring.common.PimpedTrees$TreeMethodsForPositions.nameString(PimpedTrees.scala:317)
	at scala.tools.refactoring.common.PimpedTrees$TreeMethodsForPositions.namePosition(PimpedTrees.scala:226)
	at scala.tools.eclipse.semantichighlighting.classifier.SafeSymbol$$anonfun$5.apply(SafeSymbol.scala:109)
	at scala.tools.eclipse.semantichighlighting.classifier.SafeSymbol$$anonfun$5.apply(SafeSymbol.scala:109)
	at scala.tools.nsc.util.InterruptReq.execute(InterruptReq.scala:26)
	at scala.tools.nsc.interactive.Global.pollForWork(Global.scala:339)
	at scala.tools.nsc.interactive.PresentationCompilerThread.run(PresentationCompilerThread.scala:22)
2013-09-21 14:17:42,588 ERROR [main] - org.scala-ide.sdt.core - org.scala-ide.sdt.core - org.scala-ide.sdt.core - 0 - Error during askOption
java.lang.StringIndexOutOfBoundsException: String index out of range: -1
	at java.lang.String.substring(Unknown Source)
	at scala.tools.refactoring.common.PimpedTrees$TreeMethodsForPositions.nameString(PimpedTrees.scala:317)
	at scala.tools.refactoring.common.PimpedTrees$TreeMethodsForPositions.namePosition(PimpedTrees.scala:226)
	at scala.tools.eclipse.semantichighlighting.classifier.SafeSymbol$$anonfun$5.apply(SafeSymbol.scala:109)
	at scala.tools.eclipse.semantichighlighting.classifier.SafeSymbol$$anonfun$5.apply(SafeSymbol.scala:109)
	at scala.tools.nsc.util.InterruptReq.execute(InterruptReq.scala:26)
	at scala.tools.nsc.interactive.Global.pollForWork(Global.scala:339)
	at scala.tools.nsc.interactive.Global.pollForWork(Global.scala:344)
	at scala.tools.nsc.interactive.Global.pollForWork(Global.scala:344)
	at scala.tools.nsc.interactive.Global.pollForWork(Global.scala:344)
	at scala.tools.nsc.interactive.Global.pollForWork(Global.scala:344)
	at scala.tools.nsc.interactive.Global.pollForWork(Global.scala:344)
	at scala.tools.nsc.interactive.Global.pollForWork(Global.scala:344)
	at scala.tools.nsc.interactive.Global.pollForWork(Global.scala:344)
	at scala.tools.nsc.interactive.Global.pollForWork(Global.scala:344)
	at scala.tools.nsc.interactive.Global.pollForWork(Global.scala:344)
	at scala.tools.nsc.interactive.Global.pollForWork(Global.scala:344)
	at scala.tools.nsc.interactive.Global.pollForWork(Global.scala:344)
	at scala.tools.nsc.interactive.Global.pollForWork(Global.scala:344)
	at scala.tools.nsc.interactive.Global.pollForWork(Global.scala:344)
	at scala.tools.nsc.interactive.Global.pollForWork(Global.scala:344)
	at scala.tools.nsc.interactive.Global.pollForWork(Global.scala:344)
	at scala.tools.nsc.interactive.Global.pollForWork(Global.scala:344)
	at scala.tools.nsc.interactive.PresentationCompilerThread.run(PresentationCompilerThread.scala:22)
2013-09-21 14:17:44,617 ERROR [main] - org.scala-ide.sdt.core - org.scala-ide.sdt.core - org.scala-ide.sdt.core - 0 - Error during askOption
java.lang.StringIndexOutOfBoundsException: String index out of range: -1
	at java.lang.String.substring(Unknown Source)
	at scala.tools.refactoring.common.PimpedTrees$TreeMethodsForPositions.nameString(PimpedTrees.scala:317)
	at scala.tools.refactoring.common.PimpedTrees$TreeMethodsForPositions.namePosition(PimpedTrees.scala:226)
	at scala.tools.eclipse.semantichighlighting.classifier.SafeSymbol$$anonfun$5.apply(SafeSymbol.scala:109)
	at scala.tools.eclipse.semantichighlighting.classifier.SafeSymbol$$anonfun$5.apply(SafeSymbol.scala:109)
	at scala.tools.nsc.util.InterruptReq.execute(InterruptReq.scala:26)
	at scala.tools.nsc.interactive.Global.pollForWork(Global.scala:339)
	at scala.tools.nsc.interactive.Global.pollForWork(Global.scala:344)
	at scala.tools.nsc.interactive.Global.pollForWork(Global.scala:344)
	at scala.tools.nsc.interactive.Global.pollForWork(Global.scala:344)
	at scala.tools.nsc.interactive.Global.pollForWork(Global.scala:344)
	at scala.tools.nsc.interactive.Global.pollForWork(Global.scala:344)
	at scala.tools.nsc.interactive.Global.pollForWork(Global.scala:344)
	at scala.tools.nsc.interactive.Global.pollForWork(Global.scala:344)
	at scala.tools.nsc.interactive.Global.pollForWork(Global.scala:344)
	at scala.tools.nsc.interactive.Global.pollForWork(Global.scala:344)
	at scala.tools.nsc.interactive.Global.pollForWork(Global.scala:344)
	at scala.tools.nsc.interactive.Global.pollForWork(Global.scala:344)
	at scala.tools.nsc.interactive.Global.pollForWork(Global.scala:344)
	at scala.tools.nsc.interactive.Global.pollForWork(Global.scala:344)
	at scala.tools.nsc.interactive.Global.pollForWork(Global.scala:344)
	at scala.tools.nsc.interactive.Global.pollForWork(Global.scala:344)
	at scala.tools.nsc.interactive.Global.pollForWork(Global.scala:344)
	at scala.tools.nsc.interactive.PresentationCompilerThread.run(PresentationCompilerThread.scala:22)
2013-09-21 14:17:47,632 ERROR [main] - org.scala-ide.sdt.core - org.scala-ide.sdt.core - org.scala-ide.sdt.core - 0 - Error during askOption
java.lang.StringIndexOutOfBoundsException: String index out of range: -1
	at java.lang.String.substring(Unknown Source)
	at scala.tools.refactoring.common.PimpedTrees$TreeMethodsForPositions.nameString(PimpedTrees.scala:317)
	at scala.tools.refactoring.common.PimpedTrees$TreeMethodsForPositions.namePosition(PimpedTrees.scala:226)
	at scala.tools.eclipse.semantichighlighting.classifier.SafeSymbol$$anonfun$5.apply(SafeSymbol.scala:109)
	at scala.tools.eclipse.semantichighlighting.classifier.SafeSymbol$$anonfun$5.apply(SafeSymbol.scala:109)
	at scala.tools.nsc.util.InterruptReq.execute(InterruptReq.scala:26)
	at scala.tools.nsc.interactive.Global.pollForWork(Global.scala:339)
	at scala.tools.nsc.interactive.PresentationCompilerThread.run(PresentationCompilerThread.scala:22)
2013-09-21 14:17:49,158 ERROR [main] - org.scala-ide.sdt.core - org.scala-ide.sdt.core - org.scala-ide.sdt.core - 0 - Error during askOption
java.lang.StringIndexOutOfBoundsException: String index out of range: -1
	at java.lang.String.substring(Unknown Source)
	at scala.tools.refactoring.common.PimpedTrees$TreeMethodsForPositions.nameString(PimpedTrees.scala:317)
	at scala.tools.refactoring.common.PimpedTrees$TreeMethodsForPositions.namePosition(PimpedTrees.scala:226)
	at scala.tools.eclipse.semantichighlighting.classifier.SafeSymbol$$anonfun$5.apply(SafeSymbol.scala:109)
	at scala.tools.eclipse.semantichighlighting.classifier.SafeSymbol$$anonfun$5.apply(SafeSymbol.scala:109)
	at scala.tools.nsc.util.InterruptReq.execute(InterruptReq.scala:26)
	at scala.tools.nsc.interactive.Global.pollForWork(Global.scala:339)
	at scala.tools.nsc.interactive.PresentationCompilerThread.run(PresentationCompilerThread.scala:22)
2013-09-21 14:17:50,180 ERROR [main] - org.scala-ide.sdt.core - org.scala-ide.sdt.core - org.scala-ide.sdt.core - 0 - Error during askOption
java.lang.StringIndexOutOfBoundsException: String index out of range: -1
	at java.lang.String.substring(Unknown Source)
	at scala.tools.refactoring.common.PimpedTrees$TreeMethodsForPositions.nameString(PimpedTrees.scala:317)
	at scala.tools.refactoring.common.PimpedTrees$TreeMethodsForPositions.namePosition(PimpedTrees.scala:226)
	at scala.tools.eclipse.semantichighlighting.classifier.SafeSymbol$$anonfun$5.apply(SafeSymbol.scala:109)
	at scala.tools.eclipse.semantichighlighting.classifier.SafeSymbol$$anonfun$5.apply(SafeSymbol.scala:109)
	at scala.tools.nsc.util.InterruptReq.execute(InterruptReq.scala:26)
	at scala.tools.nsc.interactive.Global.pollForWork(Global.scala:339)
	at scala.tools.nsc.interactive.Global.pollForWork(Global.scala:344)
	at scala.tools.nsc.interactive.Global.pollForWork(Global.scala:344)
	at scala.tools.nsc.interactive.Global.pollForWork(Global.scala:344)
	at scala.tools.nsc.interactive.Global.pollForWork(Global.scala:344)
	at scala.tools.nsc.interactive.Global.pollForWork(Global.scala:344)
	at scala.tools.nsc.interactive.Global.pollForWork(Global.scala:344)
	at scala.tools.nsc.interactive.Global.pollForWork(Global.scala:344)
	at scala.tools.nsc.interactive.Global.pollForWork(Global.scala:344)
	at scala.tools.nsc.interactive.Global.pollForWork(Global.scala:344)
	at scala.tools.nsc.interactive.Global.pollForWork(Global.scala:344)
	at scala.tools.nsc.interactive.Global.pollForWork(Global.scala:344)
	at scala.tools.nsc.interactive.Global.pollForWork(Global.scala:344)
	at scala.tools.nsc.interactive.Global.pollForWork(Global.scala:344)
	at scala.tools.nsc.interactive.Global.pollForWork(Global.scala:344)
	at scala.tools.nsc.interactive.Global.pollForWork(Global.scala:344)
	at scala.tools.nsc.interactive.PresentationCompilerThread.run(PresentationCompilerThread.scala:22)
2013-09-21 14:17:54,202 ERROR [main] - org.scala-ide.sdt.core - org.scala-ide.sdt.core - org.scala-ide.sdt.core - 0 - Error during askOption
java.lang.StringIndexOutOfBoundsException: String index out of range: -1
	at java.lang.String.substring(Unknown Source)
	at scala.tools.refactoring.common.PimpedTrees$TreeMethodsForPositions.nameString(PimpedTrees.scala:317)
	at scala.tools.refactoring.common.PimpedTrees$TreeMethodsForPositions.namePosition(PimpedTrees.scala:226)
	at scala.tools.eclipse.semantichighlighting.classifier.SafeSymbol$$anonfun$5.apply(SafeSymbol.scala:109)
	at scala.tools.eclipse.semantichighlighting.classifier.SafeSymbol$$anonfun$5.apply(SafeSymbol.scala:109)
	at scala.tools.nsc.util.InterruptReq.execute(InterruptReq.scala:26)
	at scala.tools.nsc.interactive.Global.pollForWork(Global.scala:339)
	at scala.tools.nsc.interactive.Global.pollForWork(Global.scala:344)
	at scala.tools.nsc.interactive.Global.pollForWork(Global.scala:344)
	at scala.tools.nsc.interactive.Global.pollForWork(Global.scala:344)
	at scala.tools.nsc.interactive.Global.pollForWork(Global.scala:344)
	at scala.tools.nsc.interactive.Global.pollForWork(Global.scala:344)
	at scala.tools.nsc.interactive.Global.pollForWork(Global.scala:344)
	at scala.tools.nsc.interactive.Global.pollForWork(Global.scala:344)
	at scala.tools.nsc.interactive.Global.pollForWork(Global.scala:344)
	at scala.tools.nsc.interactive.Global.pollForWork(Global.scala:344)
	at scala.tools.nsc.interactive.Global.pollForWork(Global.scala:344)
	at scala.tools.nsc.interactive.Global.pollForWork(Global.scala:344)
	at scala.tools.nsc.interactive.Global.pollForWork(Global.scala:344)
	at scala.tools.nsc.interactive.Global.pollForWork(Global.scala:344)
	at scala.tools.nsc.interactive.Global.pollForWork(Global.scala:344)
	at scala.tools.nsc.interactive.Global.pollForWork(Global.scala:344)
	at scala.tools.nsc.interactive.Global.pollForWork(Global.scala:344)
	at scala.tools.nsc.interactive.PresentationCompilerThread.run(PresentationCompilerThread.scala:22)
2013-09-21 14:21:41,137 ERROR [main] - org.scala-ide.sdt.core - org.scala-ide.sdt.core - org.scala-ide.sdt.core - 0 - Error during askOption
java.lang.StringIndexOutOfBoundsException: String index out of range: -1
	at java.lang.String.substring(Unknown Source)
	at scala.tools.refactoring.common.PimpedTrees$TreeMethodsForPositions.nameString(PimpedTrees.scala:317)
	at scala.tools.refactoring.common.PimpedTrees$TreeMethodsForPositions.namePosition(PimpedTrees.scala:226)
	at scala.tools.eclipse.semantichighlighting.classifier.SafeSymbol$$anonfun$5.apply(SafeSymbol.scala:109)
	at scala.tools.eclipse.semantichighlighting.classifier.SafeSymbol$$anonfun$5.apply(SafeSymbol.scala:109)
	at scala.tools.nsc.util.InterruptReq.execute(InterruptReq.scala:26)
	at scala.tools.nsc.interactive.Global.pollForWork(Global.scala:339)
	at scala.tools.nsc.interactive.Global.pollForWork(Global.scala:344)
	at scala.tools.nsc.interactive.Global.pollForWork(Global.scala:344)
	at scala.tools.nsc.interactive.Global.pollForWork(Global.scala:344)
	at scala.tools.nsc.interactive.Global.pollForWork(Global.scala:344)
	at scala.tools.nsc.interactive.Global.pollForWork(Global.scala:344)
	at scala.tools.nsc.interactive.Global.pollForWork(Global.scala:344)
	at scala.tools.nsc.interactive.Global.pollForWork(Global.scala:344)
	at scala.tools.nsc.interactive.Global.pollForWork(Global.scala:344)
	at scala.tools.nsc.interactive.Global.pollForWork(Global.scala:344)
	at scala.tools.nsc.interactive.Global.pollForWork(Global.scala:344)
	at scala.tools.nsc.interactive.Global.pollForWork(Global.scala:344)
	at scala.tools.nsc.interactive.Global.pollForWork(Global.scala:344)
	at scala.tools.nsc.interactive.Global.pollForWork(Global.scala:344)
	at scala.tools.nsc.interactive.Global.pollForWork(Global.scala:344)
	at scala.tools.nsc.interactive.Global.pollForWork(Global.scala:344)
	at scala.tools.nsc.interactive.Global.pollForWork(Global.scala:344)
	at scala.tools.nsc.interactive.PresentationCompilerThread.run(PresentationCompilerThread.scala:22)
2013-09-21 14:21:42,140 ERROR [main] - org.scala-ide.sdt.core - org.scala-ide.sdt.core - org.scala-ide.sdt.core - 0 - Error during askOption
java.lang.StringIndexOutOfBoundsException: String index out of range: -1
	at java.lang.String.substring(Unknown Source)
	at scala.tools.refactoring.common.PimpedTrees$TreeMethodsForPositions.nameString(PimpedTrees.scala:317)
	at scala.tools.refactoring.common.PimpedTrees$TreeMethodsForPositions.namePosition(PimpedTrees.scala:226)
	at scala.tools.eclipse.semantichighlighting.classifier.SafeSymbol$$anonfun$5.apply(SafeSymbol.scala:109)
	at scala.tools.eclipse.semantichighlighting.classifier.SafeSymbol$$anonfun$5.apply(SafeSymbol.scala:109)
	at scala.tools.nsc.util.InterruptReq.execute(InterruptReq.scala:26)
	at scala.tools.nsc.interactive.Global.pollForWork(Global.scala:339)
	at scala.tools.nsc.interactive.Global.pollForWork(Global.scala:344)
	at scala.tools.nsc.interactive.Global.pollForWork(Global.scala:344)
	at scala.tools.nsc.interactive.Global.pollForWork(Global.scala:344)
	at scala.tools.nsc.interactive.Global.pollForWork(Global.scala:344)
	at scala.tools.nsc.interactive.Global.pollForWork(Global.scala:344)
	at scala.tools.nsc.interactive.Global.pollForWork(Global.scala:344)
	at scala.tools.nsc.interactive.Global.pollForWork(Global.scala:344)
	at scala.tools.nsc.interactive.Global.pollForWork(Global.scala:344)
	at scala.tools.nsc.interactive.Global.pollForWork(Global.scala:344)
	at scala.tools.nsc.interactive.Global.pollForWork(Global.scala:344)
	at scala.tools.nsc.interactive.Global.pollForWork(Global.scala:344)
	at scala.tools.nsc.interactive.Global.pollForWork(Global.scala:344)
	at scala.tools.nsc.interactive.Global.pollForWork(Global.scala:344)
	at scala.tools.nsc.interactive.Global.pollForWork(Global.scala:344)
	at scala.tools.nsc.interactive.Global.pollForWork(Global.scala:344)
	at scala.tools.nsc.interactive.Global.pollForWork(Global.scala:344)
	at scala.tools.nsc.interactive.PresentationCompilerThread.run(PresentationCompilerThread.scala:22)
2013-09-21 14:21:47,167 ERROR [main] - org.scala-ide.sdt.core - org.scala-ide.sdt.core - org.scala-ide.sdt.core - 0 - Error during askOption
java.lang.StringIndexOutOfBoundsException: String index out of range: -1
	at java.lang.String.substring(Unknown Source)
	at scala.tools.refactoring.common.PimpedTrees$TreeMethodsForPositions.nameString(PimpedTrees.scala:317)
	at scala.tools.refactoring.common.PimpedTrees$TreeMethodsForPositions.namePosition(PimpedTrees.scala:226)
	at scala.tools.eclipse.semantichighlighting.classifier.SafeSymbol$$anonfun$5.apply(SafeSymbol.scala:109)
	at scala.tools.eclipse.semantichighlighting.classifier.SafeSymbol$$anonfun$5.apply(SafeSymbol.scala:109)
	at scala.tools.nsc.util.InterruptReq.execute(InterruptReq.scala:26)
	at scala.tools.nsc.interactive.Global.pollForWork(Global.scala:339)
	at scala.tools.nsc.interactive.Global.pollForWork(Global.scala:344)
	at scala.tools.nsc.interactive.Global.pollForWork(Global.scala:344)
	at scala.tools.nsc.interactive.Global.pollForWork(Global.scala:344)
	at scala.tools.nsc.interactive.Global.pollForWork(Global.scala:344)
	at scala.tools.nsc.interactive.Global.pollForWork(Global.scala:344)
	at scala.tools.nsc.interactive.Global.pollForWork(Global.scala:344)
	at scala.tools.nsc.interactive.Global.pollForWork(Global.scala:344)
	at scala.tools.nsc.interactive.Global.pollForWork(Global.scala:344)
	at scala.tools.nsc.interactive.Global.pollForWork(Global.scala:344)
	at scala.tools.nsc.interactive.Global.pollForWork(Global.scala:344)
	at scala.tools.nsc.interactive.Global.pollForWork(Global.scala:344)
	at scala.tools.nsc.interactive.Global.pollForWork(Global.scala:344)
	at scala.tools.nsc.interactive.Global.pollForWork(Global.scala:344)
	at scala.tools.nsc.interactive.Global.pollForWork(Global.scala:344)
	at scala.tools.nsc.interactive.Global.pollForWork(Global.scala:344)
	at scala.tools.nsc.interactive.Global.pollForWork(Global.scala:344)
	at scala.tools.nsc.interactive.PresentationCompilerThread.run(PresentationCompilerThread.scala:22)
2013-09-21 14:21:53,181 ERROR [main] - org.scala-ide.sdt.core - org.scala-ide.sdt.core - org.scala-ide.sdt.core - 0 - Error during askOption
java.lang.StringIndexOutOfBoundsException: String index out of range: -1
	at java.lang.String.substring(Unknown Source)
	at scala.tools.refactoring.common.PimpedTrees$TreeMethodsForPositions.nameString(PimpedTrees.scala:317)
	at scala.tools.refactoring.common.PimpedTrees$TreeMethodsForPositions.namePosition(PimpedTrees.scala:226)
	at scala.tools.eclipse.semantichighlighting.classifier.SafeSymbol$$anonfun$5.apply(SafeSymbol.scala:109)
	at scala.tools.eclipse.semantichighlighting.classifier.SafeSymbol$$anonfun$5.apply(SafeSymbol.scala:109)
	at scala.tools.nsc.util.InterruptReq.execute(InterruptReq.scala:26)
	at scala.tools.nsc.interactive.Global.pollForWork(Global.scala:339)
	at scala.tools.nsc.interactive.Global.pollForWork(Global.scala:344)
	at scala.tools.nsc.interactive.Global.pollForWork(Global.scala:344)
	at scala.tools.nsc.interactive.Global.pollForWork(Global.scala:344)
	at scala.tools.nsc.interactive.Global.pollForWork(Global.scala:344)
	at scala.tools.nsc.interactive.Global.pollForWork(Global.scala:344)
	at scala.tools.nsc.interactive.Global.pollForWork(Global.scala:344)
	at scala.tools.nsc.interactive.Global.pollForWork(Global.scala:344)
	at scala.tools.nsc.interactive.Global.pollForWork(Global.scala:344)
	at scala.tools.nsc.interactive.Global.pollForWork(Global.scala:344)
	at scala.tools.nsc.interactive.Global.pollForWork(Global.scala:344)
	at scala.tools.nsc.interactive.Global.pollForWork(Global.scala:344)
	at scala.tools.nsc.interactive.Global.pollForWork(Global.scala:344)
	at scala.tools.nsc.interactive.Global.pollForWork(Global.scala:344)
	at scala.tools.nsc.interactive.Global.pollForWork(Global.scala:344)
	at scala.tools.nsc.interactive.Global.pollForWork(Global.scala:344)
	at scala.tools.nsc.interactive.Global.pollForWork(Global.scala:344)
	at scala.tools.nsc.interactive.PresentationCompilerThread.run(PresentationCompilerThread.scala:22)
2013-09-21 14:21:55,217 ERROR [main] - org.scala-ide.sdt.core - org.scala-ide.sdt.core - org.scala-ide.sdt.core - 0 - Error during askOption
java.lang.StringIndexOutOfBoundsException: String index out of range: -1
	at java.lang.String.substring(Unknown Source)
	at scala.tools.refactoring.common.PimpedTrees$TreeMethodsForPositions.nameString(PimpedTrees.scala:317)
	at scala.tools.refactoring.common.PimpedTrees$TreeMethodsForPositions.namePosition(PimpedTrees.scala:226)
	at scala.tools.eclipse.semantichighlighting.classifier.SafeSymbol$$anonfun$5.apply(SafeSymbol.scala:109)
	at scala.tools.eclipse.semantichighlighting.classifier.SafeSymbol$$anonfun$5.apply(SafeSymbol.scala:109)
	at scala.tools.nsc.util.InterruptReq.execute(InterruptReq.scala:26)
	at scala.tools.nsc.interactive.Global.pollForWork(Global.scala:339)
	at scala.tools.nsc.interactive.Global.pollForWork(Global.scala:344)
	at scala.tools.nsc.interactive.Global.pollForWork(Global.scala:344)
	at scala.tools.nsc.interactive.Global.pollForWork(Global.scala:344)
	at scala.tools.nsc.interactive.Global.pollForWork(Global.scala:344)
	at scala.tools.nsc.interactive.Global.pollForWork(Global.scala:344)
	at scala.tools.nsc.interactive.Global.pollForWork(Global.scala:344)
	at scala.tools.nsc.interactive.Global.pollForWork(Global.scala:344)
	at scala.tools.nsc.interactive.Global.pollForWork(Global.scala:344)
	at scala.tools.nsc.interactive.Global.pollForWork(Global.scala:344)
	at scala.tools.nsc.interactive.Global.pollForWork(Global.scala:344)
	at scala.tools.nsc.interactive.Global.pollForWork(Global.scala:344)
	at scala.tools.nsc.interactive.Global.pollForWork(Global.scala:344)
	at scala.tools.nsc.interactive.Global.pollForWork(Global.scala:344)
	at scala.tools.nsc.interactive.Global.pollForWork(Global.scala:344)
	at scala.tools.nsc.interactive.Global.pollForWork(Global.scala:344)
	at scala.tools.nsc.interactive.Global.pollForWork(Global.scala:344)
	at scala.tools.nsc.interactive.PresentationCompilerThread.run(PresentationCompilerThread.scala:22)
2013-09-21 14:21:58,250 ERROR [main] - org.scala-ide.sdt.core - org.scala-ide.sdt.core - org.scala-ide.sdt.core - 0 - Error during askOption
java.lang.StringIndexOutOfBoundsException: String index out of range: -1
	at java.lang.String.substring(Unknown Source)
	at scala.tools.refactoring.common.PimpedTrees$TreeMethodsForPositions.nameString(PimpedTrees.scala:317)
	at scala.tools.refactoring.common.PimpedTrees$TreeMethodsForPositions.namePosition(PimpedTrees.scala:226)
	at scala.tools.eclipse.semantichighlighting.classifier.SafeSymbol$$anonfun$5.apply(SafeSymbol.scala:109)
	at scala.tools.eclipse.semantichighlighting.classifier.SafeSymbol$$anonfun$5.apply(SafeSymbol.scala:109)
	at scala.tools.nsc.util.InterruptReq.execute(InterruptReq.scala:26)
	at scala.tools.nsc.interactive.Global.pollForWork(Global.scala:339)
	at scala.tools.nsc.interactive.Global.pollForWork(Global.scala:344)
	at scala.tools.nsc.interactive.Global.pollForWork(Global.scala:344)
	at scala.tools.nsc.interactive.Global.pollForWork(Global.scala:344)
	at scala.tools.nsc.interactive.Global.pollForWork(Global.scala:344)
	at scala.tools.nsc.interactive.Global.pollForWork(Global.scala:344)
	at scala.tools.nsc.interactive.Global.pollForWork(Global.scala:344)
	at scala.tools.nsc.interactive.Global.pollForWork(Global.scala:344)
	at scala.tools.nsc.interactive.Global.pollForWork(Global.scala:344)
	at scala.tools.nsc.interactive.Global.pollForWork(Global.scala:344)
	at scala.tools.nsc.interactive.Global.pollForWork(Global.scala:344)
	at scala.tools.nsc.interactive.Global.pollForWork(Global.scala:344)
	at scala.tools.nsc.interactive.Global.pollForWork(Global.scala:344)
	at scala.tools.nsc.interactive.Global.pollForWork(Global.scala:344)
	at scala.tools.nsc.interactive.Global.pollForWork(Global.scala:344)
	at scala.tools.nsc.interactive.Global.pollForWork(Global.scala:344)
	at scala.tools.nsc.interactive.Global.pollForWork(Global.scala:344)
	at scala.tools.nsc.interactive.PresentationCompilerThread.run(PresentationCompilerThread.scala:22)
2013-09-21 14:22:03,776 ERROR [main] - org.scala-ide.sdt.core - org.scala-ide.sdt.core - org.scala-ide.sdt.core - 0 - Error during askOption
java.lang.StringIndexOutOfBoundsException: String index out of range: -1
	at java.lang.String.substring(Unknown Source)
	at scala.tools.refactoring.common.PimpedTrees$TreeMethodsForPositions.nameString(PimpedTrees.scala:317)
	at scala.tools.refactoring.common.PimpedTrees$TreeMethodsForPositions.namePosition(PimpedTrees.scala:226)
	at scala.tools.eclipse.semantichighlighting.classifier.SafeSymbol$$anonfun$5.apply(SafeSymbol.scala:109)
	at scala.tools.eclipse.semantichighlighting.classifier.SafeSymbol$$anonfun$5.apply(SafeSymbol.scala:109)
	at scala.tools.nsc.util.InterruptReq.execute(InterruptReq.scala:26)
	at scala.tools.nsc.interactive.Global.pollForWork(Global.scala:339)
	at scala.tools.nsc.interactive.Global.pollForWork(Global.scala:344)
	at scala.tools.nsc.interactive.Global.pollForWork(Global.scala:344)
	at scala.tools.nsc.interactive.Global.pollForWork(Global.scala:344)
	at scala.tools.nsc.interactive.Global.pollForWork(Global.scala:344)
	at scala.tools.nsc.interactive.Global.pollForWork(Global.scala:344)
	at scala.tools.nsc.interactive.Global.pollForWork(Global.scala:344)
	at scala.tools.nsc.interactive.Global.pollForWork(Global.scala:344)
	at scala.tools.nsc.interactive.Global.pollForWork(Global.scala:344)
	at scala.tools.nsc.interactive.Global.pollForWork(Global.scala:344)
	at scala.tools.nsc.interactive.Global.pollForWork(Global.scala:344)
	at scala.tools.nsc.interactive.Global.pollForWork(Global.scala:344)
	at scala.tools.nsc.interactive.Global.pollForWork(Global.scala:344)
	at scala.tools.nsc.interactive.Global.pollForWork(Global.scala:344)
	at scala.tools.nsc.interactive.Global.pollForWork(Global.scala:344)
	at scala.tools.nsc.interactive.Global.pollForWork(Global.scala:344)
	at scala.tools.nsc.interactive.Global.pollForWork(Global.scala:344)
	at scala.tools.nsc.interactive.PresentationCompilerThread.run(PresentationCompilerThread.scala:22)
